<?xml version="1.0" encoding="UTF-8"?>
<testsuite name="io.newify.processor.NewifyProcessorIntegrationTest" tests="4" skipped="0" failures="0" errors="0" timestamp="2020-06-23T22:24:06" hostname="applejack" time="3.552">
  <properties/>
  <testcase name="parametersAreAddedToNewMethods" classname="io.newify.processor.NewifyProcessorIntegrationTest" time="2.306"/>
  <testcase name="addsConstructorsForInnerClasses" classname="io.newify.processor.NewifyProcessorIntegrationTest" time="0.478"/>
  <testcase name="newOnClassesWithSameNameAvoidsNameCollisions" classname="io.newify.processor.NewifyProcessorIntegrationTest" time="0.424"/>
  <testcase name="newOnEmptyConstructorAddsToNewClass" classname="io.newify.processor.NewifyProcessorIntegrationTest" time="0.323"/>
  <system-out><![CDATA[]]></system-out>
  <system-err><![CDATA[]]></system-err>
</testsuite>
