<?xml version="1.0" encoding="UTF-8"?>
<testsuite name="io.newify.processor.NewifyProcessorTest" tests="2" skipped="0" failures="0" errors="0" timestamp="2020-06-15T16:36:43" hostname="applejack" time="1.463">
  <properties/>
  <testcase name="newOnClassesWithSameNameAvoidsNameCollisions" classname="io.newify.processor.NewifyProcessorTest" time="1.233"/>
  <testcase name="newOnEmptyConstructorAddsToNewClass" classname="io.newify.processor.NewifyProcessorTest" time="0.222"/>
  <system-out><![CDATA[]]></system-out>
  <system-err><![CDATA[]]></system-err>
</testsuite>
